MCalc/app/build/intermediates/manifest_merge_blame_file/debug/manifest-merger-blame-debug-report.txt
1<?xml version="1.0" encoding="utf-8"?>
2<!--
3Student Name: Supriyo Ghosh
4Student ID#: 215318728
5Lab D2 is done individually
6https://youtu.be/P9beGKv4cyo
7-->
8<manifest xmlns:android="http://schemas.android.com/apk/res/android"
9    package="ca.yorku.mcalc"
10    android:versionCode="1"
11    android:versionName="1.0" >
12
13    <uses-sdk
14        android:minSdkVersion="16"
14-->src\main\AndroidManifest.xml
15        android:targetSdkVersion="29" />
15-->src\main\AndroidManifest.xml
16
17    <application
17-->src\main\AndroidManifest.xml:11:5-26:19
18        android:allowBackup="true"
18-->src\main\AndroidManifest.xml:12:9-35
19        android:appComponentFactory="androidx.core.app.CoreComponentFactory"
19-->[androidx.core:core:1.3.1] AndroidManifest.xml:24:18-86
20        android:debuggable="true"
21        android:icon="@mipmap/ic_launcher"
21-->src\main\AndroidManifest.xml:13:9-43
22        android:label="@string/app_name"
22-->src\main\AndroidManifest.xml:14:9-41
23        android:roundIcon="@mipmap/ic_launcher_round"
23-->src\main\AndroidManifest.xml:15:9-54
24        android:supportsRtl="true"
24-->src\main\AndroidManifest.xml:16:9-35
25        android:testOnly="true"
26        android:theme="@style/AppTheme" >
26-->src\main\AndroidManifest.xml:17:9-40
27        <activity
27-->src\main\AndroidManifest.xml:18:9-25:20
28            android:name="ca.yorku.mcalc.EntryForm"
28-->src\main\AndroidManifest.xml:18:19-44
29            android:configChanges="orientation|screenSize|screenLayout|keyboardHidden"
29-->src\main\AndroidManifest.xml:19:13-87
30            android:label="@string/app_name" >
30-->src\main\AndroidManifest.xml:20:13-45
31            <intent-filter>
31-->src\main\AndroidManifest.xml:21:13-24:29
32                <action android:name="android.intent.action.MAIN" />
32-->src\main\AndroidManifest.xml:22:17-69
32-->src\main\AndroidManifest.xml:22:25-66
33
34                <category android:name="android.intent.category.LAUNCHER" />
34-->src\main\AndroidManifest.xml:23:17-77
34-->src\main\AndroidManifest.xml:23:27-74
35            </intent-filter>
36        </activity>
37    </application>
38
39</manifest>